<?xml version="1.0" encoding="UTF-8"?>
<!-- Generated by org.testng.reporters.JUnitReportReporter -->
<testsuite hostname="DESKTOP-V8JVFAB" failures="0" tests="1" name="Practice.ProcessTest" time="0.318" errors="0" timestamp="2025-05-28T10:33:00 IST" skipped="0">
  <testcase classname="Practice.ProcessTest" name="testprocess" time="0.318"/>
</testsuite> <!-- Practice.ProcessTest -->
