<?xml version="1.0" encoding="UTF-8"?>
<!-- Generated by org.testng.reporters.JUnitReportReporter -->
<testsuite hostname="DESKTOP-V8JVFAB" failures="0" tests="2" name="Practice.Groups" time="7.503" errors="0" timestamp="2025-05-28T10:57:59 IST" skipped="0">
  <testcase classname="Practice.Groups" name="sanity" time="5.807"/>
  <testcase classname="Practice.Groups" name="smoke" time="1.696"/>
</testsuite> <!-- Practice.Groups -->
