<?xml version="1.0" encoding="UTF-8"?>
<!-- Generated by org.testng.reporters.JUnitReportReporter -->
<testsuite hostname="DESKTOP-V8JVFAB" failures="0" tests="1" name="Practice.EVCULT" time="13.745" errors="0" timestamp="2025-05-29T15:29:55 IST" skipped="0">
  <testcase classname="Practice.EVCULT" name="test" time="13.745"/>
</testsuite> <!-- Practice.EVCULT -->
