<?xml version="1.0" encoding="UTF-8"?>
<!-- Generated by org.testng.reporters.JUnitReportReporter -->
<testsuite hostname="DESKTOP-V8JVFAB" failures="0" tests="1" name="Practice.Demo" time="2.378" errors="0" timestamp="2025-05-28T10:57:59 IST" skipped="0">
  <testcase classname="Practice.Demo" name="main" time="2.378"/>
</testsuite> <!-- Practice.Demo -->
